<?xml version="1.0" encoding="UTF-8"?>
<!-- Generated by org.testng.reporters.JUnitReportReporter -->
<testsuite hostname="DESKTOP-5AJBKML" failures="0" tests="2" name="HomePageTest" time="12.995" errors="0" timestamp="2023-10-24T10:53:01 IST" skipped="0">
  <testcase classname="HomePageTest" name="testHomepageHeading" time="7.284"/>
  <testcase classname="HomePageTest" name="testLogoutFunctionality" time="5.711"/>
</testsuite> <!-- HomePageTest -->
