<?xml version="1.0" encoding="UTF-8"?>
<!-- Generated by org.testng.reporters.JUnitReportReporter -->
<testsuite hostname="DESKTOP-5AJBKML" failures="0" tests="5" name="LoginPageTest" time="35.236" errors="0" timestamp="2023-10-24T10:53:01 IST" skipped="0">
  <testcase classname="LoginPageTest" name="testLoginWithEmptyInputs" time="5.298"/>
  <testcase classname="LoginPageTest" name="testLoginWithEmptyUserId" time="5.528"/>
  <testcase classname="LoginPageTest" name="testLoginWithEmptyPin" time="5.462"/>
  <testcase classname="LoginPageTest" name="testLoginWithInvalidCreds" time="13.615"/>
  <testcase classname="LoginPageTest" name="testLoginWithValidCreds" time="5.333"/>
</testsuite> <!-- LoginPageTest -->
